<html>
<body>
<pre>
<h1>Vision Build Log</h1>
<h2>Project:</h2>
C:\Documents and Settings\Administrator\桌面\黑灵资料\程序代码\复件 综合程序A\MAIN\main.uvproj
Project File Date:  <unknown>

<h2>Output:</h2>
compiling main.c...
main.c(66): warning C318: can't open file 'def.h'
main.c(67): warning C318: can't open file 'delay.h'
main.c(68): warning C318: can't open file 'tft.h'
main.c - 0 Error(s), 3 Warning(s).
compiling main.c...
main.c(67): warning C318: can't open file 'delay.h'
main.c(68): warning C318: can't open file 'tft.h'
main.c - 0 Error(s), 2 Warning(s).
compiling main.c...
main.c - 0 Error(s), 0 Warning(s).
Build target 'Target 1'
compiling delay.c...
compiling tft.C...
linking...
*** WARNING L16: UNCALLED SEGMENT, IGNORED FOR OVERLAY PROCESS
    SEGMENT: ?PR?_DELAYLOW?DELAY
*** WARNING L16: UNCALLED SEGMENT, IGNORED FOR OVERLAY PROCESS
    SEGMENT: ?PR?_ADDRESS_SET?TFT
*** WARNING L16: UNCALLED SEGMENT, IGNORED FOR OVERLAY PROCESS
    SEGMENT: ?PR?_LCD_READPOINT?TFT
*** WARNING L16: UNCALLED SEGMENT, IGNORED FOR OVERLAY PROCESS
    SEGMENT: ?PR?LCD_INIT?TFT
Program Size: data=22.0 xdata=0 code=885
"main" - 0 Error(s), 4 Warning(s).
compiling main.c...
main.c - 0 Error(s), 0 Warning(s).
Build target 'Target 1'
linking...
*** WARNING L16: UNCALLED SEGMENT, IGNORED FOR OVERLAY PROCESS
    SEGMENT: ?PR?_DELAYLOW?DELAY
*** WARNING L16: UNCALLED SEGMENT, IGNORED FOR OVERLAY PROCESS
    SEGMENT: ?PR?_ADDRESS_SET?TFT
*** WARNING L16: UNCALLED SEGMENT, IGNORED FOR OVERLAY PROCESS
    SEGMENT: ?PR?_LCD_READPOINT?TFT
Program Size: data=22.0 xdata=0 code=888
"main" - 0 Error(s), 3 Warning(s).
compiling main.c...
main.c - 0 Error(s), 0 Warning(s).
Build target 'Target 1'
compiling main.c...
linking...
*** WARNING L16: UNCALLED SEGMENT, IGNORED FOR OVERLAY PROCESS
    SEGMENT: ?PR?_DELAYLOW?DELAY
*** WARNING L16: UNCALLED SEGMENT, IGNORED FOR OVERLAY PROCESS
    SEGMENT: ?PR?_LCD_READPOINT?TFT
Program Size: data=25.0 xdata=0 code=1080
"main" - 0 Error(s), 2 Warning(s).
compiling tft.C...
..\tft\tft.C - 0 Error(s), 0 Warning(s).
Build target 'Target 1'
linking...
*** WARNING L16: UNCALLED SEGMENT, IGNORED FOR OVERLAY PROCESS
    SEGMENT: ?PR?_DELAYLOW?DELAY
*** WARNING L1: UNRESOLVED EXTERNAL SYMBOL
    SYMBOL:  _ADDRESS_SET
    MODULE:  main.obj (MAIN)
*** WARNING L1: UNRESOLVED EXTERNAL SYMBOL
    SYMBOL:  ?_ADDRESS_SET?BYTE
    MODULE:  main.obj (MAIN)
*** WARNING L2: REFERENCE MADE TO UNRESOLVED EXTERNAL
    SYMBOL:  ?_ADDRESS_SET?BYTE
    MODULE:  main.obj (MAIN)
    ADDRESS: 0290H
*** WARNING L2: REFERENCE MADE TO UNRESOLVED EXTERNAL
    SYMBOL:  ?_ADDRESS_SET?BYTE
    MODULE:  main.obj (MAIN)
    ADDRESS: 0293H
*** WARNING L2: REFERENCE MADE TO UNRESOLVED EXTERNAL
    SYMBOL:  ?_ADDRESS_SET?BYTE
    MODULE:  main.obj (MAIN)
    ADDRESS: 0297H
*** WARNING L2: REFERENCE MADE TO UNRESOLVED EXTERNAL
    SYMBOL:  ?_ADDRESS_SET?BYTE
    MODULE:  main.obj (MAIN)
    ADDRESS: 0299H
*** WARNING L2: REFERENCE MADE TO UNRESOLVED EXTERNAL
    SYMBOL:  ?_ADDRESS_SET?BYTE
    MODULE:  main.obj (MAIN)
    ADDRESS: 029BH
*** WARNING L2: REFERENCE MADE TO UNRESOLVED EXTERNAL
    SYMBOL:  _ADDRESS_SET
    MODULE:  main.obj (MAIN)
    ADDRESS: 02A2H
Program Size: data=14.0 xdata=0 code=849
"main" - 0 Error(s), 9 Warning(s).
Build target 'Target 1'
compiling main.c...
main.c(40): warning C206: 'Address_set': missing function-prototype
main.c(40): error C267: 'Address_set': requires ANSI-style prototype
compiling tft.C...
Target not created
compiling tft.C...
..\tft\tft.C - 0 Error(s), 0 Warning(s).
Build target 'Target 1'
compiling main.c...
main.c(40): warning C206: 'Address_set': missing function-prototype
main.c(40): error C267: 'Address_set': requires ANSI-style prototype
Target not created
Build target 'Target 1'
compiling main.c...
compiling tft.C...
linking...
*** WARNING L16: UNCALLED SEGMENT, IGNORED FOR OVERLAY PROCESS
    SEGMENT: ?PR?_DELAYLOW?DELAY
Program Size: data=23.0 xdata=0 code=934
"main" - 0 Error(s), 1 Warning(s).
Build target 'Target 1'
compiling delay.c...
linking...
Program Size: data=23.0 xdata=0 code=917
"main" - 0 Error(s), 0 Warning(s).
Build target 'Target 1'
linking...
Program Size: data=23.0 xdata=0 code=917
creating hex file from "main"...
"main" - 0 Error(s), 0 Warning(s).
Build target 'Target 1'
linking...
Program Size: data=23.0 xdata=0 code=917
creating hex file from "HL"...
"HL" - 0 Error(s), 0 Warning(s).
Build target 'Target 1'
linking...
Program Size: data=23.0 xdata=0 code=917
creating hex file from "HL"...
"HL" - 0 Error(s), 0 Warning(s).
compiling main.c...
main.c - 0 Error(s), 0 Warning(s).
Build target 'Target 1'
linking...
Program Size: data=23.0 xdata=0 code=917
creating hex file from "HL"...
"HL" - 0 Error(s), 0 Warning(s).
Build target 'Target 1'
linking...
Program Size: data=23.0 xdata=0 code=917
creating hex file from "HL"...
"HL" - 0 Error(s), 0 Warning(s).
Build target 'Target 1'
compiling main.c...
linking...
Program Size: data=23.0 xdata=0 code=917
creating hex file from "HL"...
"HL" - 0 Error(s), 0 Warning(s).
